app/build/outputs/logs/manifest-merger-debug-report.txt
-- Merging decision tree log ---
manifest
ADDED from src/main/AndroidManifest.xml:2:1-41:12
	package
		ADDED from src/main/AndroidManifest.xml:3:5-40
		INJECTED from src/main/AndroidManifest.xml
		INJECTED from src/main/AndroidManifest.xml
	android:versionName
		ADDED from src/main/AndroidManifest.xml:5:5-30
	android:versionCode
		ADDED from src/main/AndroidManifest.xml:4:5-28
		INJECTED from src/main/AndroidManifest.xml
		INJECTED from src/main/AndroidManifest.xml
	xmlns:android
		ADDED from src/main/AndroidManifest.xml:2:11-69
uses-sdk
ADDED from src/main/AndroidManifest.xml:7:5-9:41
MERGED from [com.android.support:appcompat-v7:19.1.0] AndroidManifest.xml:18:5-42
MERGED from [me.palazzetti:adktoolkit:0.3.0] AndroidManifest.xml:7:5-9:41
	android:targetSdkVersion
		ADDED from src/main/AndroidManifest.xml:9:9-38
		INJECTED from src/main/AndroidManifest.xml
		INJECTED from src/main/AndroidManifest.xml
	android:minSdkVersion
		ADDED from src/main/AndroidManifest.xml:8:9-35
		INJECTED from src/main/AndroidManifest.xml
		INJECTED from src/main/AndroidManifest.xml
uses-permission#android.permission.ACCESS_NETWORK_STATE
ADDED from src/main/AndroidManifest.xml:11:5-79
	android:name
		ADDED from src/main/AndroidManifest.xml:11:22-76
uses-permission#android.permission.INTERNET
ADDED from src/main/AndroidManifest.xml:12:5-67
	android:name
		ADDED from src/main/AndroidManifest.xml:12:22-64
uses-permission#android.permission.RECORD_AUDIO
ADDED from src/main/AndroidManifest.xml:13:5-71
	android:name
		ADDED from src/main/AndroidManifest.xml:13:22-68
uses-feature#android.hardware.usb.accessory
ADDED from src/main/AndroidManifest.xml:15:5-90
	android:required
		ADDED from src/main/AndroidManifest.xml:15:65-88
	android:name
		ADDED from src/main/AndroidManifest.xml:15:19-64
application
ADDED from src/main/AndroidManifest.xml:17:5-39:19
MERGED from [com.android.support:appcompat-v7:19.1.0] AndroidManifest.xml:19:5-20
	android:label
		ADDED from src/main/AndroidManifest.xml:20:9-41
	android:allowBackup
		ADDED from src/main/AndroidManifest.xml:18:9-35
	android:icon
		ADDED from src/main/AndroidManifest.xml:19:9-45
	android:theme
		ADDED from src/main/AndroidManifest.xml:21:9-40
activity#org.udoo.udoodroidcondemo.MainActivity
ADDED from src/main/AndroidManifest.xml:22:9-37:20
	android:label
		ADDED from src/main/AndroidManifest.xml:24:13-45
	android:theme
		ADDED from src/main/AndroidManifest.xml:25:7-65
	android:name
		ADDED from src/main/AndroidManifest.xml:23:13-66
intent-filter#android.intent.action.MAIN+android.intent.category.LAUNCHER
ADDED from src/main/AndroidManifest.xml:26:13-30:29
action#android.intent.action.MAIN
ADDED from src/main/AndroidManifest.xml:27:17-69
	android:name
		ADDED from src/main/AndroidManifest.xml:27:25-66
category#android.intent.category.LAUNCHER
ADDED from src/main/AndroidManifest.xml:29:17-77
	android:name
		ADDED from src/main/AndroidManifest.xml:29:27-74
intent-filter#android.hardware.usb.action.USB_ACCESSORY_ATTACHED
ADDED from src/main/AndroidManifest.xml:31:13-33:23
action#android.hardware.usb.action.USB_ACCESSORY_ATTACHED
ADDED from src/main/AndroidManifest.xml:32:11-87
	android:name
		ADDED from src/main/AndroidManifest.xml:32:19-84
meta-data#android.hardware.usb.action.USB_ACCESSORY_ATTACHED
ADDED from src/main/AndroidManifest.xml:35:7-36:53
	android:resource
		ADDED from src/main/AndroidManifest.xml:36:11-51
	android:name
		ADDED from src/main/AndroidManifest.xml:35:18-83